<?xml version="1.0" encoding="UTF-8"?>
<!-- Generated by org.testng.reporters.JUnitReportReporter -->
<testsuite skipped="0" hostname="DESKTOP-U0CN59R" name="pageObjects.NewTest" tests="3" failures="0" timestamp="08 Sep 2020 07:14:17 GMT" time="0.053" errors="0">
  <testcase name="testCase1" time="0.035" classname="pageObjects.NewTest"/>
  <testcase name="testCase2" time="0.007" classname="pageObjects.NewTest"/>
  <testcase name="testCase3" time="0.011" classname="pageObjects.NewTest"/>
</testsuite> <!-- pageObjects.NewTest -->
